Job ID: 10958103
Node: sh03-11n12
Start time: Mon Dec  1 18:07:44 PST 2025
Working directory: /home/users/salilg/nanoTabPFN
GPU information:
Mon Dec  1 18:07:47 2025       
+-----------------------------------------------------------------------------------------+
| NVIDIA-SMI 550.163.01             Driver Version: 550.163.01     CUDA Version: 12.4     |
|-----------------------------------------+------------------------+----------------------+
| GPU  Name                 Persistence-M | Bus-Id          Disp.A | Volatile Uncorr. ECC |
| Fan  Temp   Perf          Pwr:Usage/Cap |           Memory-Usage | GPU-Util  Compute M. |
|                                         |                        |               MIG M. |
|=========================================+========================+======================|
|   0  NVIDIA A100-SXM4-80GB          On  |   00000000:41:00.0 Off |                    0 |
| N/A   35C    P0             62W /  500W |       1MiB /  81920MiB |      0%   E. Process |
|                                         |                        |             Disabled |
+-----------------------------------------+------------------------+----------------------+
                                                                                         
+-----------------------------------------------------------------------------------------+
| Processes:                                                                              |
|  GPU   GI   CI        PID   Type   Process name                              GPU Memory |
|        ID   ID                                                               Usage      |
|=========================================================================================|
|  No running processes found                                                             |
+-----------------------------------------------------------------------------------------+
Starting training...
Training started at 2025-12-01 18:08:11
Logging output to: logs/training_log_20251201_180811.txt
Using device: cuda
time     1.8s | loss  0.5415 | roc_auc  0.1735 | acc  0.6456 | balanced_acc  0.5000
time     2.4s | loss  0.5430 | roc_auc  0.8418 | acc  0.6105 | balanced_acc  0.4818
time     2.9s | loss  0.5407 | roc_auc  0.1700 | acc  0.6632 | balanced_acc  0.5404
time     3.5s | loss  0.4666 | roc_auc  0.3070 | acc  0.6561 | balanced_acc  0.5238
time     4.1s | loss  0.5233 | roc_auc  0.1220 | acc  0.6491 | balanced_acc  0.5116
time     4.6s | loss  0.5054 | roc_auc  0.0635 | acc  0.6456 | balanced_acc  0.5000
time     5.2s | loss  0.5332 | roc_auc  0.0695 | acc  0.6456 | balanced_acc  0.5000
time     5.7s | loss  0.4810 | roc_auc  0.1164 | acc  0.6632 | balanced_acc  0.5248
time     6.3s | loss  0.4603 | roc_auc  0.1322 | acc  0.6807 | balanced_acc  0.5495
time     6.9s | loss  0.5297 | roc_auc  0.1646 | acc  0.7298 | balanced_acc  0.6233
time     7.4s | loss  0.5648 | roc_auc  0.2150 | acc  0.7439 | balanced_acc  0.6565
time     8.0s | loss  0.5278 | roc_auc  0.1265 | acc  0.7789 | balanced_acc  0.6904
time     8.5s | loss  0.5027 | roc_auc  0.1055 | acc  0.7649 | balanced_acc  0.6683
time     9.1s | loss  0.5447 | roc_auc  0.0650 | acc  0.7544 | balanced_acc  0.6535
time     9.7s | loss  0.4800 | roc_auc  0.0616 | acc  0.8702 | balanced_acc  0.8637
time    10.9s | loss  0.4818 | roc_auc  0.0522 | acc  0.8246 | balanced_acc  0.8396
time    11.5s | loss  0.4779 | roc_auc  0.0496 | acc  0.8596 | balanced_acc  0.8690
time    12.1s | loss  0.4580 | roc_auc  0.0480 | acc  0.8421 | balanced_acc  0.8487
time    12.7s | loss  0.5123 | roc_auc  0.0390 | acc  0.8772 | balanced_acc  0.8803
time    13.2s | loss  0.5113 | roc_auc  0.0364 | acc  0.8807 | balanced_acc  0.8830
time    13.8s | loss  0.4981 | roc_auc  0.0329 | acc  0.8982 | balanced_acc  0.8989
time    14.4s | loss  0.4607 | roc_auc  0.0308 | acc  0.8877 | balanced_acc  0.8907
time    14.9s | loss  0.4400 | roc_auc  0.0267 | acc  0.8807 | balanced_acc  0.8897
time    15.5s | loss  0.4479 | roc_auc  0.0239 | acc  0.8842 | balanced_acc  0.8925
time    16.0s | loss  0.5573 | roc_auc  0.0242 | acc  0.9123 | balanced_acc  0.9075
time    16.6s | loss  0.4982 | roc_auc  0.0259 | acc  0.9193 | balanced_acc  0.9152
time    17.2s | loss  0.4735 | roc_auc  0.0271 | acc  0.9018 | balanced_acc  0.9016
time    17.8s | loss  0.5328 | roc_auc  0.0260 | acc  0.9053 | balanced_acc  0.9043
time    18.3s | loss  0.5166 | roc_auc  0.0250 | acc  0.9053 | balanced_acc  0.9043
time    18.9s | loss  0.4864 | roc_auc  0.0231 | acc  0.9123 | balanced_acc  0.9120
time    19.4s | loss  0.4898 | roc_auc  0.0217 | acc  0.9193 | balanced_acc  0.9174
time    20.0s | loss  0.5114 | roc_auc  0.0245 | acc  0.9193 | balanced_acc  0.9174
time    20.6s | loss  0.5134 | roc_auc  0.0243 | acc  0.9263 | balanced_acc  0.9228
time    21.2s | loss  0.5248 | roc_auc  0.0234 | acc  0.9263 | balanced_acc  0.9228
time    21.7s | loss  0.5269 | roc_auc  0.0217 | acc  0.9263 | balanced_acc  0.9228
time    22.3s | loss  0.5007 | roc_auc  0.0206 | acc  0.9333 | balanced_acc  0.9283
time    22.9s | loss  0.4656 | roc_auc  0.0201 | acc  0.9228 | balanced_acc  0.9179
time    23.5s | loss  0.4739 | roc_auc  0.0208 | acc  0.9263 | balanced_acc  0.9206
time    24.0s | loss  0.5451 | roc_auc  0.0209 | acc  0.9228 | balanced_acc  0.9157
time    24.6s | loss  0.4728 | roc_auc  0.0223 | acc  0.9193 | balanced_acc  0.9129
time    25.1s | loss  0.5346 | roc_auc  0.0224 | acc  0.9193 | balanced_acc  0.9085
time    25.7s | loss  0.4456 | roc_auc  0.0226 | acc  0.9228 | balanced_acc  0.9112
time    26.3s | loss  0.5528 | roc_auc  0.0218 | acc  0.9263 | balanced_acc  0.9139
time    26.9s | loss  0.4854 | roc_auc  0.0208 | acc  0.9263 | balanced_acc  0.9139
time    27.4s | loss  0.3899 | roc_auc  0.0203 | acc  0.9298 | balanced_acc  0.9166
time    28.0s | loss  0.5169 | roc_auc  0.0210 | acc  0.9298 | balanced_acc  0.9166
time    28.6s | loss  0.5009 | roc_auc  0.0220 | acc  0.9298 | balanced_acc  0.9166
time    29.1s | loss  0.4436 | roc_auc  0.0222 | acc  0.9298 | balanced_acc  0.9144
time    29.7s | loss  0.5361 | roc_auc  0.0225 | acc  0.9298 | balanced_acc  0.9144
time    30.3s | loss  0.4613 | roc_auc  0.0228 | acc  0.9263 | balanced_acc  0.9117
time    30.9s | loss  0.5796 | roc_auc  0.0234 | acc  0.9298 | balanced_acc  0.9166
time    31.4s | loss  0.4689 | roc_auc  0.0238 | acc  0.9298 | balanced_acc  0.9166
time    32.0s | loss  0.4428 | roc_auc  0.0242 | acc  0.9263 | balanced_acc  0.9161
time    32.6s | loss  0.5462 | roc_auc  0.0241 | acc  0.9228 | balanced_acc  0.9112
time    33.1s | loss  0.4222 | roc_auc  0.0244 | acc  0.9228 | balanced_acc  0.9112
time    33.7s | loss  0.5529 | roc_auc  0.0245 | acc  0.9263 | balanced_acc  0.9139
time    34.3s | loss  0.4641 | roc_auc  0.0243 | acc  0.9298 | balanced_acc  0.9166
time    34.8s | loss  0.5046 | roc_auc  0.0238 | acc  0.9333 | balanced_acc  0.9193
time    35.4s | loss  0.5055 | roc_auc  0.0235 | acc  0.9333 | balanced_acc  0.9193
time    36.0s | loss  0.5876 | roc_auc  0.0235 | acc  0.9333 | balanced_acc  0.9193
time    36.5s | loss  0.4325 | roc_auc  0.0224 | acc  0.9333 | balanced_acc  0.9193
time    37.1s | loss  0.5051 | roc_auc  0.0221 | acc  0.9263 | balanced_acc  0.9094
time    37.6s | loss  0.5269 | roc_auc  0.0220 | acc  0.9263 | balanced_acc  0.9094
time    38.2s | loss  0.4223 | roc_auc  0.0220 | acc  0.9263 | balanced_acc  0.9094
time    38.7s | loss  0.3602 | roc_auc  0.0209 | acc  0.9263 | balanced_acc  0.9094
time    39.3s | loss  0.4675 | roc_auc  0.0208 | acc  0.9263 | balanced_acc  0.9094
time    39.8s | loss  0.4592 | roc_auc  0.0209 | acc  0.9263 | balanced_acc  0.9094
time    40.4s | loss  0.5098 | roc_auc  0.0206 | acc  0.9263 | balanced_acc  0.9094
time    40.9s | loss  0.4612 | roc_auc  0.0205 | acc  0.9263 | balanced_acc  0.9094
time    41.5s | loss  0.4401 | roc_auc  0.0208 | acc  0.9263 | balanced_acc  0.9094
time    42.0s | loss  0.4362 | roc_auc  0.0207 | acc  0.9263 | balanced_acc  0.9094
time    42.6s | loss  0.4883 | roc_auc  0.0208 | acc  0.9263 | balanced_acc  0.9094
time    43.2s | loss  0.4638 | roc_auc  0.0209 | acc  0.9263 | balanced_acc  0.9094
time    43.7s | loss  0.6271 | roc_auc  0.0211 | acc  0.9298 | balanced_acc  0.9122
time    44.3s | loss  0.5074 | roc_auc  0.0211 | acc  0.9298 | balanced_acc  0.9122
time    44.8s | loss  0.4892 | roc_auc  0.0213 | acc  0.9298 | balanced_acc  0.9122
time    45.4s | loss  0.5542 | roc_auc  0.0210 | acc  0.9298 | balanced_acc  0.9122
time    46.0s | loss  0.4424 | roc_auc  0.0206 | acc  0.9298 | balanced_acc  0.9122
time    46.5s | loss  0.5102 | roc_auc  0.0202 | acc  0.9298 | balanced_acc  0.9122
time    47.1s | loss  0.3955 | roc_auc  0.0204 | acc  0.9298 | balanced_acc  0.9122
time    47.6s | loss  0.4645 | roc_auc  0.0209 | acc  0.9298 | balanced_acc  0.9122
time    48.2s | loss  0.4594 | roc_auc  0.0216 | acc  0.9298 | balanced_acc  0.9122
time    48.7s | loss  0.4394 | roc_auc  0.0223 | acc  0.9298 | balanced_acc  0.9122
time    49.3s | loss  0.4548 | roc_auc  0.0227 | acc  0.9298 | balanced_acc  0.9122
time    49.8s | loss  0.4659 | roc_auc  0.0227 | acc  0.9368 | balanced_acc  0.9176
time    50.4s | loss  0.4790 | roc_auc  0.0230 | acc  0.9368 | balanced_acc  0.9176
time    51.0s | loss  0.5462 | roc_auc  0.0232 | acc  0.9333 | balanced_acc  0.9149
time    51.5s | loss  0.4354 | roc_auc  0.0239 | acc  0.9333 | balanced_acc  0.9149
time    52.0s | loss  0.5070 | roc_auc  0.0240 | acc  0.9368 | balanced_acc  0.9176
time    52.6s | loss  0.4755 | roc_auc  0.0242 | acc  0.9368 | balanced_acc  0.9176
time    53.2s | loss  0.4962 | roc_auc  0.0241 | acc  0.9368 | balanced_acc  0.9176
time    53.7s | loss  0.4085 | roc_auc  0.0230 | acc  0.9368 | balanced_acc  0.9176
time    54.3s | loss  0.5215 | roc_auc  0.0225 | acc  0.9368 | balanced_acc  0.9176
time    54.8s | loss  0.4789 | roc_auc  0.0223 | acc  0.9368 | balanced_acc  0.9176
time    55.3s | loss  0.5004 | roc_auc  0.0222 | acc  0.9404 | balanced_acc  0.9225
time    55.9s | loss  0.4222 | roc_auc  0.0216 | acc  0.9368 | balanced_acc  0.9198
time    56.4s | loss  0.5531 | roc_auc  0.0218 | acc  0.9368 | balanced_acc  0.9198
time    57.0s | loss  0.4542 | roc_auc  0.0220 | acc  0.9368 | balanced_acc  0.9198
time    57.5s | loss  0.5480 | roc_auc  0.0216 | acc  0.9368 | balanced_acc  0.9198
time    58.1s | loss  0.4571 | roc_auc  0.0215 | acc  0.9368 | balanced_acc  0.9198
Final evaluation:
{'roc_auc': 0.026851054670684465, 'acc': 0.9263157894736842, 'balanced_acc': 0.9116713301764959}
Evaluation results saved to: results/evaluation_20251201_180811.csv
Model saved to: trained_model_20251201_180811.pth
Full model saved to: trained_model_full_20251201_180811.pth
Training completed at 2025-12-01 18:09:21
End time: Mon Dec  1 18:09:23 PST 2025
Job completed!
